<?xml version="1.0" encoding="UTF-8"?>
<!-- Generated by org.testng.reporters.JUnitReportReporter -->
<testsuite hostname="noa" failures="0" tests="3" name="com.w2a.suite.purchaseset1.testcase.purchaseXbox" time="98.320" errors="0" timestamp="23 May 2020 10:05:41 GMT" skipped="0">
  <testcase classname="com.w2a.suite.purchaseset1.testcase.purchaseXbox" name="purchasexbox" time="30.091"/>
  <testcase classname="com.w2a.suite.purchaseset1.testcase.purchaseXbox" name="purchasexbox" time="47.078"/>
  <testcase classname="com.w2a.suite.purchaseset1.testcase.purchaseXbox" name="purchasexbox" time="21.151"/>
</testsuite> <!-- com.w2a.suite.purchaseset1.testcase.purchaseXbox -->
